0 info it worked if it ends with ok
1 verbose cli [ '/usr/bin/node',
1 verbose cli   '/usr/bin/node_modules/npm/bin/npm-cli.js',
1 verbose cli   'run',
1 verbose cli   'server' ]
2 info using npm@3.10.10
3 info using node@v6.10.3
4 verbose run-script [ 'preserver', 'server', 'postserver' ]
5 info lifecycle intelligentWebAssignment@0.0.1~preserver: intelligentWebAssignment@0.0.1
6 silly lifecycle intelligentWebAssignment@0.0.1~preserver: no script for preserver, continuing
7 info lifecycle intelligentWebAssignment@0.0.1~server: intelligentWebAssignment@0.0.1
8 verbose lifecycle intelligentWebAssignment@0.0.1~server: unsafe-perm in lifecycle true
9 verbose lifecycle intelligentWebAssignment@0.0.1~server: PATH: /usr/bin/node_modules/npm/bin/node-gyp-bin:/home/blagoslav/Work/intelligent-web/solution/server/node_modules/.bin:/usr/bin/node_modules/npm/bin/node-gyp-bin:/home/blagoslav/Work/intelligent-web/solution/server/node_modules/.bin:/home/blagoslav/.rvm/gems/ruby-2.2.2/bin:/home/blagoslav/.rvm/gems/ruby-2.2.2@global/bin:/home/blagoslav/.rvm/rubies/ruby-2.2.2/bin:/home/blagoslav/bin:/home/blagoslav/.local/bin:/usr/java/jdk1.8.0_101/bin:/home/blagoslav/bin:/home/blagoslav/.local/bin:/usr/java/jdk1.8.0_101/bin:/usr/local/sbin:/usr/local/bin:/usr/sbin:/usr/bin:/sbin:/bin:/usr/games:/usr/local/games:/home/blagoslav/.rvm/bin:/usr/local/cuda-5.0/bin:/home/blagoslav/.rvm/bin:/home/blagoslav/.rvm/bin:/usr/local/cuda-5.0/bin:/home/blagoslav/.rvm/bin
10 verbose lifecycle intelligentWebAssignment@0.0.1~server: CWD: /home/blagoslav/Work/intelligent-web/solution/server
11 silly lifecycle intelligentWebAssignment@0.0.1~server: Args: [ '-c', 'babel-node server.js' ]
12 silly lifecycle intelligentWebAssignment@0.0.1~server: Returned: code: 1  signal: null
13 info lifecycle intelligentWebAssignment@0.0.1~server: Failed to exec server script
14 verbose stack Error: intelligentWebAssignment@0.0.1 server: `babel-node server.js`
14 verbose stack Exit status 1
14 verbose stack     at EventEmitter.<anonymous> (/usr/bin/node_modules/npm/lib/utils/lifecycle.js:255:16)
14 verbose stack     at emitTwo (events.js:106:13)
14 verbose stack     at EventEmitter.emit (events.js:191:7)
14 verbose stack     at ChildProcess.<anonymous> (/usr/bin/node_modules/npm/lib/utils/spawn.js:40:14)
14 verbose stack     at emitTwo (events.js:106:13)
14 verbose stack     at ChildProcess.emit (events.js:191:7)
14 verbose stack     at maybeClose (internal/child_process.js:886:16)
14 verbose stack     at Process.ChildProcess._handle.onexit (internal/child_process.js:226:5)
15 verbose pkgid intelligentWebAssignment@0.0.1
16 verbose cwd /home/blagoslav/Work/intelligent-web/solution/server
17 error Linux 4.4.0-57-generic
18 error argv "/usr/bin/node" "/usr/bin/node_modules/npm/bin/npm-cli.js" "run" "server"
19 error node v6.10.3
20 error npm  v3.10.10
21 error code ELIFECYCLE
22 error intelligentWebAssignment@0.0.1 server: `babel-node server.js`
22 error Exit status 1
23 error Failed at the intelligentWebAssignment@0.0.1 server script 'babel-node server.js'.
23 error Make sure you have the latest version of node.js and npm installed.
23 error If you do, this is most likely a problem with the intelligentWebAssignment package,
23 error not with npm itself.
23 error Tell the author that this fails on your system:
23 error     babel-node server.js
23 error You can get information on how to open an issue for this project with:
23 error     npm bugs intelligentWebAssignment
23 error Or if that isn't available, you can get their info via:
23 error     npm owner ls intelligentWebAssignment
23 error There is likely additional logging output above.
24 verbose exit [ 1, true ]
